1598208105892	geckodriver	INFO	Listening on 127.0.0.1:58054
1598208120513	geckodriver	INFO	Listening on 127.0.0.1:58081
1598208225177	geckodriver	INFO	Listening on 127.0.0.1:58234
1598208226184	mozrunner::runner	INFO	Running command: "/Applications/Firefox.app/Contents/MacOS/firefox-bin" "--marionette" "-headless" "-foreground" "-no-remote" "-profile" "/var/folders/3q/4l4g6dj5079cysl4r_zjcpn40000gn/T/rust_mozprofileZLdH0S"
*** You are running in headless mode.
console.error: SearchCache: "_readCacheFile: Error reading cache file:" (new Error("", "(unknown module)"))
1598208229499	Marionette	INFO	Listening on port 58246
1598208229584	Marionette	WARN	TLS certificate errors will be ignored for this session
JavaScript warning: https://duckduckgo.com/d2834.js, line 1: unreachable code after return statement
JavaScript warning: https://duckduckgo.com/d2834.js, line 1: unreachable code after return statement
JavaScript warning: https://duckduckgo.com/d2834.js, line 1: unreachable code after return statement
1598208479601	geckodriver	INFO	Listening on 127.0.0.1:58650
1598208480615	mozrunner::runner	INFO	Running command: "/Applications/Firefox.app/Contents/MacOS/firefox-bin" "--marionette" "-headless" "-foreground" "-no-remote" "-profile" "/var/folders/3q/4l4g6dj5079cysl4r_zjcpn40000gn/T/rust_mozprofileSLIJdU"
*** You are running in headless mode.
console.error: SearchCache: "_readCacheFile: Error reading cache file:" (new Error("", "(unknown module)"))
1598208482142	Marionette	INFO	Listening on port 58662
1598208482246	Marionette	WARN	TLS certificate errors will be ignored for this session
JavaScript warning: https://duckduckgo.com/d2834.js, line 1: unreachable code after return statement
JavaScript warning: https://duckduckgo.com/d2834.js, line 1: unreachable code after return statement
JavaScript warning: https://duckduckgo.com/d2834.js, line 1: unreachable code after return statement
JavaScript warning: https://duckduckgo.com/d2834.js, line 1: unreachable code after return statement
JavaScript warning: https://duckduckgo.com/d2834.js, line 1: unreachable code after return statement
JavaScript warning: https://duckduckgo.com/d2834.js, line 1: unreachable code after return statement
JavaScript warning: https://duckduckgo.com/d2834.js, line 1: unreachable code after return statement
1598208542188	geckodriver	INFO	Listening on 127.0.0.1:58785
1598208543204	mozrunner::runner	INFO	Running command: "/Applications/Firefox.app/Contents/MacOS/firefox-bin" "--marionette" "-headless" "-foreground" "-no-remote" "-profile" "/var/folders/3q/4l4g6dj5079cysl4r_zjcpn40000gn/T/rust_mozprofileVdamXA"
*** You are running in headless mode.
console.error: SearchCache: "_readCacheFile: Error reading cache file:" (new Error("", "(unknown module)"))
1598208544751	Marionette	INFO	Listening on port 58797
1598208544829	Marionette	WARN	TLS certificate errors will be ignored for this session
JavaScript warning: https://duckduckgo.com/d2834.js, line 1: unreachable code after return statement
JavaScript warning: https://duckduckgo.com/d2834.js, line 1: unreachable code after return statement
JavaScript warning: https://duckduckgo.com/d2834.js, line 1: unreachable code after return statement
JavaScript warning: https://duckduckgo.com/d2834.js, line 1: unreachable code after return statement
JavaScript warning: https://duckduckgo.com/d2834.js, line 1: unreachable code after return statement
JavaScript warning: https://duckduckgo.com/d2834.js, line 1: unreachable code after return statement
JavaScript warning: https://duckduckgo.com/d2834.js, line 1: unreachable code after return statement
1598208599274	geckodriver	INFO	Listening on 127.0.0.1:58915
1598208600293	mozrunner::runner	INFO	Running command: "/Applications/Firefox.app/Contents/MacOS/firefox-bin" "--marionette" "-headless" "-foreground" "-no-remote" "-profile" "/var/folders/3q/4l4g6dj5079cysl4r_zjcpn40000gn/T/rust_mozprofilezX1KiF"
*** You are running in headless mode.
console.error: SearchCache: "_readCacheFile: Error reading cache file:" (new Error("", "(unknown module)"))
1598208601798	Marionette	INFO	Listening on port 58928
1598208601814	Marionette	WARN	TLS certificate errors will be ignored for this session
JavaScript warning: https://duckduckgo.com/d2834.js, line 1: unreachable code after return statement
JavaScript warning: https://duckduckgo.com/d2834.js, line 1: unreachable code after return statement
JavaScript warning: https://duckduckgo.com/d2834.js, line 1: unreachable code after return statement
JavaScript warning: https://duckduckgo.com/d2834.js, line 1: unreachable code after return statement
JavaScript warning: https://duckduckgo.com/d2834.js, line 1: unreachable code after return statement
JavaScript warning: https://duckduckgo.com/d2834.js, line 1: unreachable code after return statement
JavaScript warning: https://duckduckgo.com/d2834.js, line 1: unreachable code after return statement
1598208678081	geckodriver	INFO	Listening on 127.0.0.1:59069
1598208679094	mozrunner::runner	INFO	Running command: "/Applications/Firefox.app/Contents/MacOS/firefox-bin" "--marionette" "-headless" "-foreground" "-no-remote" "-profile" "/var/folders/3q/4l4g6dj5079cysl4r_zjcpn40000gn/T/rust_mozprofileQFAY9k"
*** You are running in headless mode.
console.error: SearchCache: "_readCacheFile: Error reading cache file:" (new Error("", "(unknown module)"))
1598208680704	Marionette	INFO	Listening on port 59081
1598208680730	Marionette	WARN	TLS certificate errors will be ignored for this session
JavaScript warning: https://duckduckgo.com/d2834.js, line 1: unreachable code after return statement
JavaScript warning: https://duckduckgo.com/d2834.js, line 1: unreachable code after return statement
JavaScript warning: https://duckduckgo.com/d2834.js, line 1: unreachable code after return statement
JavaScript warning: https://duckduckgo.com/d2834.js, line 1: unreachable code after return statement
JavaScript warning: https://duckduckgo.com/d2834.js, line 1: unreachable code after return statement
JavaScript warning: https://duckduckgo.com/d2834.js, line 1: unreachable code after return statement
JavaScript warning: https://duckduckgo.com/d2834.js, line 1: unreachable code after return statement
1598208702701	geckodriver	INFO	Listening on 127.0.0.1:59159
1598208702708	mozrunner::runner	INFO	Running command: "/Applications/Firefox.app/Contents/MacOS/firefox-bin" "--marionette" "-foreground" "-no-remote" "-profile" "/var/folders/3q/4l4g6dj5079cysl4r_zjcpn40000gn/T/rust_mozprofileWi9uwk"
console.error: SearchCache: "_readCacheFile: Error reading cache file:" (new Error("", "(unknown module)"))
1598208704795	Marionette	INFO	Listening on port 59168
1598208704845	Marionette	WARN	TLS certificate errors will be ignored for this session
JavaScript warning: https://duckduckgo.com/d2834.js, line 1: unreachable code after return statement
JavaScript warning: https://duckduckgo.com/d2834.js, line 1: unreachable code after return statement
JavaScript warning: https://duckduckgo.com/d2834.js, line 1: unreachable code after return statement
JavaScript warning: https://duckduckgo.com/d2834.js, line 1: unreachable code after return statement
JavaScript warning: https://duckduckgo.com/d2834.js, line 1: unreachable code after return statement
JavaScript warning: https://duckduckgo.com/d2834.js, line 1: unreachable code after return statement
JavaScript warning: https://duckduckgo.com/d2834.js, line 1: unreachable code after return statement
JavaScript warning: https://duckduckgo.com/d2834.js, line 1: unreachable code after return statement
JavaScript warning: https://duckduckgo.com/d2834.js, line 1: unreachable code after return statement
JavaScript warning: https://duckduckgo.com/d2834.js, line 1: unreachable code after return statement
SourceActor threw an exception: [Exception... "Component returned failure code: 0x80470002 (NS_BASE_STREAM_CLOSED) [nsIInputStream.available]"  nsresult: "0x80470002 (NS_BASE_STREAM_CLOSED)"  location: "JS frame :: resource://devtools/shared/DevToolsUtils.js :: onResponse :: line 560"  data: no]
Stack: onResponse@resource://devtools/shared/DevToolsUtils.js:560:34
onStopRequest@resource://gre/modules/NetUtil.jsm:128:18
Line: 560, column: 0
console.error: ({})
JavaScript error: resource://devtools/shared/DevToolsUtils.js, line 560: NS_BASE_STREAM_CLOSED: Component returned failure code: 0x80470002 (NS_BASE_STREAM_CLOSED) [nsIInputStream.available]
1598208745202	geckodriver	INFO	Listening on 127.0.0.1:59274
1598208746225	mozrunner::runner	INFO	Running command: "/Applications/Firefox.app/Contents/MacOS/firefox-bin" "--marionette" "-foreground" "-no-remote" "-profile" "/var/folders/3q/4l4g6dj5079cysl4r_zjcpn40000gn/T/rust_mozprofilem6fmza"
console.error: SearchCache: "_readCacheFile: Error reading cache file:" (new Error("", "(unknown module)"))
1598208748246	Marionette	INFO	Listening on port 59286
1598208748298	Marionette	WARN	TLS certificate errors will be ignored for this session
JavaScript warning: https://duckduckgo.com/d2834.js, line 1: unreachable code after return statement
JavaScript warning: https://duckduckgo.com/d2834.js, line 1: unreachable code after return statement
JavaScript warning: https://duckduckgo.com/d2834.js, line 1: unreachable code after return statement
JavaScript warning: https://duckduckgo.com/d2834.js, line 1: unreachable code after return statement
JavaScript warning: https://duckduckgo.com/d2834.js, line 1: unreachable code after return statement
JavaScript warning: https://duckduckgo.com/d2834.js, line 1: unreachable code after return statement
JavaScript warning: https://duckduckgo.com/d2834.js, line 1: unreachable code after return statement
1598208937102	geckodriver	INFO	Listening on 127.0.0.1:59590
1598208938116	mozrunner::runner	INFO	Running command: "/Applications/Firefox.app/Contents/MacOS/firefox-bin" "--marionette" "-foreground" "-no-remote" "-profile" "/var/folders/3q/4l4g6dj5079cysl4r_zjcpn40000gn/T/rust_mozprofilexoVoXA"
console.error: SearchCache: "_readCacheFile: Error reading cache file:" (new Error("", "(unknown module)"))
1598208940197	Marionette	INFO	Listening on port 59602
1598208940273	Marionette	WARN	TLS certificate errors will be ignored for this session
JavaScript warning: https://duckduckgo.com/d2834.js, line 1: unreachable code after return statement
JavaScript warning: https://duckduckgo.com/d2834.js, line 1: unreachable code after return statement
JavaScript warning: https://duckduckgo.com/d2834.js, line 1: unreachable code after return statement
JavaScript warning: https://duckduckgo.com/d2834.js, line 1: unreachable code after return statement
JavaScript warning: https://duckduckgo.com/d2834.js, line 1: unreachable code after return statement
JavaScript warning: https://duckduckgo.com/d2834.js, line 1: unreachable code after return statement
JavaScript warning: https://duckduckgo.com/d2834.js, line 1: unreachable code after return statement
1598208956895	geckodriver	INFO	Listening on 127.0.0.1:59681
1598208957910	mozrunner::runner	INFO	Running command: "/Applications/Firefox.app/Contents/MacOS/firefox-bin" "--marionette" "-foreground" "-no-remote" "-profile" "/var/folders/3q/4l4g6dj5079cysl4r_zjcpn40000gn/T/rust_mozprofilek8P74J"
console.error: SearchCache: "_readCacheFile: Error reading cache file:" (new Error("", "(unknown module)"))
1598208959852	Marionette	INFO	Listening on port 59693
1598208959943	Marionette	WARN	TLS certificate errors will be ignored for this session
JavaScript warning: https://duckduckgo.com/d2834.js, line 1: unreachable code after return statement
JavaScript warning: https://duckduckgo.com/d2834.js, line 1: unreachable code after return statement
JavaScript warning: https://duckduckgo.com/d2834.js, line 1: unreachable code after return statement
JavaScript warning: https://duckduckgo.com/d2834.js, line 1: unreachable code after return statement
JavaScript warning: https://duckduckgo.com/d2834.js, line 1: unreachable code after return statement
JavaScript warning: https://duckduckgo.com/d2834.js, line 1: unreachable code after return statement
JavaScript warning: https://duckduckgo.com/d2834.js, line 1: unreachable code after return statement
1598209021457	geckodriver	INFO	Listening on 127.0.0.1:59826
1598209022469	mozrunner::runner	INFO	Running command: "/Applications/Firefox.app/Contents/MacOS/firefox-bin" "--marionette" "-foreground" "-no-remote" "-profile" "/var/folders/3q/4l4g6dj5079cysl4r_zjcpn40000gn/T/rust_mozprofilenppSiC"
console.error: SearchCache: "_readCacheFile: Error reading cache file:" (new Error("", "(unknown module)"))
1598209024727	Marionette	INFO	Listening on port 59838
1598209024835	Marionette	WARN	TLS certificate errors will be ignored for this session
JavaScript warning: https://duckduckgo.com/d2834.js, line 1: unreachable code after return statement
JavaScript warning: https://duckduckgo.com/d2834.js, line 1: unreachable code after return statement
JavaScript warning: https://duckduckgo.com/d2834.js, line 1: unreachable code after return statement
JavaScript warning: https://duckduckgo.com/d2834.js, line 1: unreachable code after return statement
JavaScript warning: https://duckduckgo.com/d2834.js, line 1: unreachable code after return statement
JavaScript warning: https://duckduckgo.com/d2834.js, line 1: unreachable code after return statement
JavaScript warning: https://duckduckgo.com/d2834.js, line 1: unreachable code after return statement
SourceActor threw an exception: [Exception... "Component returned failure code: 0x80470002 (NS_BASE_STREAM_CLOSED) [nsIInputStream.available]"  nsresult: "0x80470002 (NS_BASE_STREAM_CLOSED)"  location: "JS frame :: resource://devtools/shared/DevToolsUtils.js :: onResponse :: line 560"  data: no]
Stack: onResponse@resource://devtools/shared/DevToolsUtils.js:560:34
onStopRequest@resource://gre/modules/NetUtil.jsm:128:18
Line: 560, column: 0
console.error: ({})
JavaScript error: resource://devtools/shared/DevToolsUtils.js, line 560: NS_BASE_STREAM_CLOSED: Component returned failure code: 0x80470002 (NS_BASE_STREAM_CLOSED) [nsIInputStream.available]
1598209137572	geckodriver	INFO	Listening on 127.0.0.1:60161
1598209138580	mozrunner::runner	INFO	Running command: "/Applications/Firefox.app/Contents/MacOS/firefox-bin" "--marionette" "-headless" "-foreground" "-no-remote" "-profile" "/var/folders/3q/4l4g6dj5079cysl4r_zjcpn40000gn/T/rust_mozprofileJ38diy"
*** You are running in headless mode.
console.error: SearchCache: "_readCacheFile: Error reading cache file:" (new Error("", "(unknown module)"))
1598209140272	Marionette	INFO	Listening on port 60173
1598209140309	Marionette	WARN	TLS certificate errors will be ignored for this session
JavaScript warning: https://duckduckgo.com/d2834.js, line 1: unreachable code after return statement
JavaScript warning: https://duckduckgo.com/d2834.js, line 1: unreachable code after return statement
JavaScript warning: https://duckduckgo.com/d2834.js, line 1: unreachable code after return statement
JavaScript warning: https://duckduckgo.com/d2834.js, line 1: unreachable code after return statement
JavaScript warning: https://duckduckgo.com/d2834.js, line 1: unreachable code after return statement
JavaScript warning: https://duckduckgo.com/d2834.js, line 1: unreachable code after return statement
JavaScript warning: https://duckduckgo.com/d2834.js, line 1: unreachable code after return statement
SourceActor threw an exception: [Exception... "Component returned failure code: 0x80470002 (NS_BASE_STREAM_CLOSED) [nsIInputStream.available]"  nsresult: "0x80470002 (NS_BASE_STREAM_CLOSED)"  location: "JS frame :: resource://devtools/shared/DevToolsUtils.js :: onResponse :: line 560"  data: no]
Stack: onResponse@resource://devtools/shared/DevToolsUtils.js:560:34
onStopRequest@resource://gre/modules/NetUtil.jsm:128:18
Line: 560, column: 0
console.error: ({})
JavaScript error: resource://devtools/shared/DevToolsUtils.js, line 560: NS_BASE_STREAM_CLOSED: Component returned failure code: 0x80470002 (NS_BASE_STREAM_CLOSED) [nsIInputStream.available]
1598209245061	geckodriver	INFO	Listening on 127.0.0.1:60367
1598209246077	mozrunner::runner	INFO	Running command: "/Applications/Firefox.app/Contents/MacOS/firefox-bin" "--marionette" "-headless" "-foreground" "-no-remote" "-profile" "/var/folders/3q/4l4g6dj5079cysl4r_zjcpn40000gn/T/rust_mozprofile4TIwVC"
*** You are running in headless mode.
console.error: SearchCache: "_readCacheFile: Error reading cache file:" (new Error("", "(unknown module)"))
1598209247669	Marionette	INFO	Listening on port 60380
1598209247720	Marionette	WARN	TLS certificate errors will be ignored for this session
JavaScript warning: https://duckduckgo.com/d2834.js, line 1: unreachable code after return statement
JavaScript warning: https://duckduckgo.com/d2834.js, line 1: unreachable code after return statement
JavaScript warning: https://duckduckgo.com/d2834.js, line 1: unreachable code after return statement
JavaScript warning: https://duckduckgo.com/d2834.js, line 1: unreachable code after return statement
JavaScript warning: https://duckduckgo.com/d2834.js, line 1: unreachable code after return statement
JavaScript warning: https://duckduckgo.com/d2834.js, line 1: unreachable code after return statement
JavaScript warning: https://duckduckgo.com/d2834.js, line 1: unreachable code after return statement
1598209262592	geckodriver	INFO	Listening on 127.0.0.1:60452
1598209263605	mozrunner::runner	INFO	Running command: "/Applications/Firefox.app/Contents/MacOS/firefox-bin" "--marionette" "-headless" "-foreground" "-no-remote" "-profile" "/var/folders/3q/4l4g6dj5079cysl4r_zjcpn40000gn/T/rust_mozprofile6Jk109"
*** You are running in headless mode.
console.error: SearchCache: "_readCacheFile: Error reading cache file:" (new Error("", "(unknown module)"))
1598209265231	Marionette	INFO	Listening on port 60464
1598209265248	Marionette	WARN	TLS certificate errors will be ignored for this session
JavaScript warning: https://duckduckgo.com/d2834.js, line 1: unreachable code after return statement
JavaScript warning: https://duckduckgo.com/d2834.js, line 1: unreachable code after return statement
JavaScript warning: https://duckduckgo.com/d2834.js, line 1: unreachable code after return statement
JavaScript warning: https://duckduckgo.com/d2834.js, line 1: unreachable code after return statement
JavaScript warning: https://duckduckgo.com/d2834.js, line 1: unreachable code after return statement
JavaScript warning: https://duckduckgo.com/d2834.js, line 1: unreachable code after return statement
JavaScript warning: https://duckduckgo.com/d2834.js, line 1: unreachable code after return statement
1598209480990	geckodriver	INFO	Listening on 127.0.0.1:60881
1598209481991	mozrunner::runner	INFO	Running command: "/Applications/Firefox.app/Contents/MacOS/firefox-bin" "--marionette" "-headless" "-foreground" "-no-remote" "-profile" "/var/folders/3q/4l4g6dj5079cysl4r_zjcpn40000gn/T/rust_mozprofileWOxxJY"
*** You are running in headless mode.
console.error: SearchCache: "_readCacheFile: Error reading cache file:" (new Error("", "(unknown module)"))
1598209483890	Marionette	INFO	Listening on port 60893
1598209483929	Marionette	WARN	TLS certificate errors will be ignored for this session
JavaScript warning: https://duckduckgo.com/d2834.js, line 1: unreachable code after return statement
JavaScript warning: https://duckduckgo.com/d2834.js, line 1: unreachable code after return statement
JavaScript warning: https://duckduckgo.com/d2834.js, line 1: unreachable code after return statement
JavaScript warning: https://duckduckgo.com/d2834.js, line 1: unreachable code after return statement
JavaScript warning: https://duckduckgo.com/d2834.js, line 1: unreachable code after return statement
JavaScript warning: https://duckduckgo.com/d2834.js, line 1: unreachable code after return statement
JavaScript warning: https://duckduckgo.com/d2834.js, line 1: unreachable code after return statement
1598209575604	geckodriver	INFO	Listening on 127.0.0.1:61071
1598209576623	mozrunner::runner	INFO	Running command: "/Applications/Firefox.app/Contents/MacOS/firefox-bin" "--marionette" "-headless" "-foreground" "-no-remote" "-profile" "/var/folders/3q/4l4g6dj5079cysl4r_zjcpn40000gn/T/rust_mozprofileMBBm92"
*** You are running in headless mode.
console.error: SearchCache: "_readCacheFile: Error reading cache file:" (new Error("", "(unknown module)"))
1598209578218	Marionette	INFO	Listening on port 61084
1598209578263	Marionette	WARN	TLS certificate errors will be ignored for this session
JavaScript warning: https://duckduckgo.com/d2834.js, line 1: unreachable code after return statement
JavaScript warning: https://duckduckgo.com/d2834.js, line 1: unreachable code after return statement
JavaScript warning: https://duckduckgo.com/d2834.js, line 1: unreachable code after return statement
JavaScript warning: https://duckduckgo.com/d2834.js, line 1: unreachable code after return statement
JavaScript warning: https://duckduckgo.com/d2834.js, line 1: unreachable code after return statement
JavaScript warning: https://duckduckgo.com/d2834.js, line 1: unreachable code after return statement
JavaScript warning: https://duckduckgo.com/d2834.js, line 1: unreachable code after return statement
1598209603110	geckodriver	INFO	Listening on 127.0.0.1:61162
1598209603117	mozrunner::runner	INFO	Running command: "/Applications/Firefox.app/Contents/MacOS/firefox-bin" "--marionette" "-headless" "-foreground" "-no-remote" "-profile" "/var/folders/3q/4l4g6dj5079cysl4r_zjcpn40000gn/T/rust_mozprofileMIFicc"
*** You are running in headless mode.
console.error: SearchCache: "_readCacheFile: Error reading cache file:" (new Error("", "(unknown module)"))
1598209604662	Marionette	INFO	Listening on port 61171
1598209604753	Marionette	WARN	TLS certificate errors will be ignored for this session
JavaScript warning: https://duckduckgo.com/d2834.js, line 1: unreachable code after return statement
JavaScript warning: https://duckduckgo.com/d2834.js, line 1: unreachable code after return statement
JavaScript warning: https://duckduckgo.com/d2834.js, line 1: unreachable code after return statement
JavaScript warning: https://duckduckgo.com/d2834.js, line 1: unreachable code after return statement
JavaScript warning: https://duckduckgo.com/d2834.js, line 1: unreachable code after return statement
JavaScript warning: https://duckduckgo.com/d2834.js, line 1: unreachable code after return statement
JavaScript warning: https://duckduckgo.com/d2834.js, line 1: unreachable code after return statement
1598209642048	geckodriver	INFO	Listening on 127.0.0.1:61342
1598209643061	mozrunner::runner	INFO	Running command: "/Applications/Firefox.app/Contents/MacOS/firefox-bin" "--marionette" "-headless" "-foreground" "-no-remote" "-profile" "/var/folders/3q/4l4g6dj5079cysl4r_zjcpn40000gn/T/rust_mozprofilevRIx6l"
*** You are running in headless mode.
console.error: SearchCache: "_readCacheFile: Error reading cache file:" (new Error("", "(unknown module)"))
1598209644748	Marionette	INFO	Listening on port 61354
1598209644799	Marionette	WARN	TLS certificate errors will be ignored for this session
JavaScript warning: https://duckduckgo.com/d2834.js, line 1: unreachable code after return statement
JavaScript warning: https://duckduckgo.com/d2834.js, line 1: unreachable code after return statement
JavaScript warning: https://duckduckgo.com/d2834.js, line 1: unreachable code after return statement
JavaScript warning: https://duckduckgo.com/d2834.js, line 1: unreachable code after return statement
JavaScript warning: https://duckduckgo.com/d2834.js, line 1: unreachable code after return statement
JavaScript warning: https://duckduckgo.com/d2834.js, line 1: unreachable code after return statement
JavaScript warning: https://duckduckgo.com/d2834.js, line 1: unreachable code after return statement
1598209662609	geckodriver	INFO	Listening on 127.0.0.1:61428
1598209662617	mozrunner::runner	INFO	Running command: "/Applications/Firefox.app/Contents/MacOS/firefox-bin" "--marionette" "-headless" "-foreground" "-no-remote" "-profile" "/var/folders/3q/4l4g6dj5079cysl4r_zjcpn40000gn/T/rust_mozprofileI1JjVM"
*** You are running in headless mode.
console.error: SearchCache: "_readCacheFile: Error reading cache file:" (new Error("", "(unknown module)"))
1598209664288	Marionette	INFO	Listening on port 61437
1598209664353	Marionette	WARN	TLS certificate errors will be ignored for this session
JavaScript warning: https://duckduckgo.com/d2834.js, line 1: unreachable code after return statement
JavaScript warning: https://duckduckgo.com/d2834.js, line 1: unreachable code after return statement
JavaScript warning: https://duckduckgo.com/d2834.js, line 1: unreachable code after return statement
JavaScript warning: https://duckduckgo.com/d2834.js, line 1: unreachable code after return statement
JavaScript warning: https://duckduckgo.com/d2834.js, line 1: unreachable code after return statement
JavaScript warning: https://duckduckgo.com/d2834.js, line 1: unreachable code after return statement
JavaScript warning: https://duckduckgo.com/d2834.js, line 1: unreachable code after return statement
1598209666016	Marionette	INFO	Stopped listening on port 61437
1598209676269	Marionette	INFO	Stopped listening on port 59286
console.error: services.settings: 
DOMException
  - prototype DOMException
    - ABORT_ERR = 20
    - DATA_CLONE_ERR = 25
    - DOMSTRING_SIZE_ERR = 2
    - HIERARCHY_REQUEST_ERR = 3
    - INDEX_SIZE_ERR = 1
    - INUSE_ATTRIBUTE_ERR = 10
    - INVALID_ACCESS_ERR = 15
    - INVALID_CHARACTER_ERR = 5
    - INVALID_MODIFICATION_ERR = 13
    - INVALID_NODE_TYPE_ERR = 24
    - INVALID_STATE_ERR = 11
    - NAMESPACE_ERR = 14
    - NETWORK_ERR = 19
    - NOT_FOUND_ERR = 8
    - NOT_SUPPORTED_ERR = 9
    - NO_DATA_ALLOWED_ERR = 6
    - NO_MODIFICATION_ALLOWED_ERR = 7
    - QUOTA_EXCEEDED_ERR = 22
    - SECURITY_ERR = 18
    - SYNTAX_ERR = 12
    - TIMEOUT_ERR = 23
    - TYPE_MISMATCH_ERR = 17
    - URL_MISMATCH_ERR = 21
    - VALIDATION_ERR = 16
    - WRONG_DOCUMENT_ERR = 4
    - code = 20
    - columnNumber = 0
    - data = null
    - filename = 
    - lineNumber = 0
    - location = null
    - message = The operation was aborted. 
    - name = AbortError
    - result = 2152923156
    - stack = 
  - prototype Error
  - prototype Object
1598212731193	Marionette	INFO	Stopped listening on port 59168
1598212734086	Marionette	INFO	Stopped listening on port 59602
1598212737474	Marionette	INFO	Stopped listening on port 59693
1598212739787	Marionette	INFO	Stopped listening on port 59838
1598220913492	geckodriver	INFO	Listening on 127.0.0.1:54902
1598220914513	mozrunner::runner	INFO	Running command: "/Applications/Firefox.app/Contents/MacOS/firefox-bin" "--marionette" "-headless" "-foreground" "-no-remote" "-profile" "/var/folders/3q/4l4g6dj5079cysl4r_zjcpn40000gn/T/rust_mozprofileGXVT1E"
*** You are running in headless mode.
console.error: SearchCache: "_readCacheFile: Error reading cache file:" (new Error("", "(unknown module)"))
1598220916065	Marionette	INFO	Listening on port 54915
1598220916146	Marionette	WARN	TLS certificate errors will be ignored for this session
1598220919622	Marionette	INFO	Stopped listening on port 54915
1598220949255	geckodriver	INFO	Listening on 127.0.0.1:55019
1598220950267	mozrunner::runner	INFO	Running command: "/Applications/Firefox.app/Contents/MacOS/firefox-bin" "--marionette" "-headless" "-foreground" "-no-remote" "-profile" "/var/folders/3q/4l4g6dj5079cysl4r_zjcpn40000gn/T/rust_mozprofile3LGD08"
*** You are running in headless mode.
console.error: SearchCache: "_readCacheFile: Error reading cache file:" (new Error("", "(unknown module)"))
1598220951801	Marionette	INFO	Listening on port 55031
1598220951806	Marionette	WARN	TLS certificate errors will be ignored for this session
1598220953418	Marionette	INFO	Stopped listening on port 55031
1598220965670	geckodriver	INFO	Listening on 127.0.0.1:55107
1598220965677	mozrunner::runner	INFO	Running command: "/Applications/Firefox.app/Contents/MacOS/firefox-bin" "--marionette" "-foreground" "-no-remote" "-profile" "/var/folders/3q/4l4g6dj5079cysl4r_zjcpn40000gn/T/rust_mozprofilebKPM7B"
console.error: SearchCache: "_readCacheFile: Error reading cache file:" (new Error("", "(unknown module)"))
1598220967812	Marionette	INFO	Listening on port 55116
1598220967827	Marionette	WARN	TLS certificate errors will be ignored for this session
1598220970551	Marionette	INFO	Stopped listening on port 55116
1598220983186	geckodriver	INFO	Listening on 127.0.0.1:55202
1598220983195	mozrunner::runner	INFO	Running command: "/Applications/Firefox.app/Contents/MacOS/firefox-bin" "--marionette" "-foreground" "-no-remote" "-profile" "/var/folders/3q/4l4g6dj5079cysl4r_zjcpn40000gn/T/rust_mozprofileYMxwTK"
console.error: SearchCache: "_readCacheFile: Error reading cache file:" (new Error("", "(unknown module)"))
1598220985260	Marionette	INFO	Listening on port 55211
1598220985364	Marionette	WARN	TLS certificate errors will be ignored for this session
1598220988955	Marionette	INFO	Stopped listening on port 55211
1598220997119	geckodriver	INFO	Listening on 127.0.0.1:55297
1598220998130	mozrunner::runner	INFO	Running command: "/Applications/Firefox.app/Contents/MacOS/firefox-bin" "--marionette" "-foreground" "-no-remote" "-profile" "/var/folders/3q/4l4g6dj5079cysl4r_zjcpn40000gn/T/rust_mozprofiles2oYYE"
console.error: SearchCache: "_readCacheFile: Error reading cache file:" (new Error("", "(unknown module)"))
1598221000232	Marionette	INFO	Listening on port 55309
1598221000275	Marionette	WARN	TLS certificate errors will be ignored for this session
1598221088136	geckodriver	INFO	Listening on 127.0.0.1:55490
1598221089148	mozrunner::runner	INFO	Running command: "/Applications/Firefox.app/Contents/MacOS/firefox-bin" "--marionette" "-foreground" "-no-remote" "-profile" "/var/folders/3q/4l4g6dj5079cysl4r_zjcpn40000gn/T/rust_mozprofileiK71cC"
console.error: SearchCache: "_readCacheFile: Error reading cache file:" (new Error("", "(unknown module)"))
1598221091226	Marionette	INFO	Listening on port 55503
1598221091304	Marionette	WARN	TLS certificate errors will be ignored for this session
1598221307515	geckodriver	INFO	Listening on 127.0.0.1:55897
1598221308533	mozrunner::runner	INFO	Running command: "/Applications/Firefox.app/Contents/MacOS/firefox-bin" "--marionette" "-foreground" "-no-remote" "-profile" "/var/folders/3q/4l4g6dj5079cysl4r_zjcpn40000gn/T/rust_mozprofilerPSFms"
console.error: SearchCache: "_readCacheFile: Error reading cache file:" (new Error("", "(unknown module)"))
1598221310736	Marionette	INFO	Listening on port 55909
1598221310784	Marionette	WARN	TLS certificate errors will be ignored for this session
1598221344574	geckodriver	INFO	Listening on 127.0.0.1:56020
1598221345583	mozrunner::runner	INFO	Running command: "/Applications/Firefox.app/Contents/MacOS/firefox-bin" "--marionette" "-headless" "-foreground" "-no-remote" "-profile" "/var/folders/3q/4l4g6dj5079cysl4r_zjcpn40000gn/T/rust_mozprofileWdz1I0"
*** You are running in headless mode.
console.error: SearchCache: "_readCacheFile: Error reading cache file:" (new Error("", "(unknown module)"))
1598221347176	Marionette	INFO	Listening on port 56032
1598221347209	Marionette	WARN	TLS certificate errors will be ignored for this session
1598221360608	Marionette	INFO	Stopped listening on port 55309
1598221363252	Marionette	INFO	Stopped listening on port 55503
1598221544206	Marionette	INFO	Stopped listening on port 55909
1598221559132	geckodriver	INFO	Listening on 127.0.0.1:56350
1598221560149	mozrunner::runner	INFO	Running command: "/Applications/Firefox.app/Contents/MacOS/firefox-bin" "--marionette" "-headless" "-foreground" "-no-remote" "-profile" "/var/folders/3q/4l4g6dj5079cysl4r_zjcpn40000gn/T/rust_mozprofilenL9H9F"
*** You are running in headless mode.
console.error: SearchCache: "_readCacheFile: Error reading cache file:" (new Error("", "(unknown module)"))
1598221561792	Marionette	INFO	Listening on port 56362
1598221561895	Marionette	WARN	TLS certificate errors will be ignored for this session
1598221758180	geckodriver	INFO	Listening on 127.0.0.1:56670
1598221759195	mozrunner::runner	INFO	Running command: "/Applications/Firefox.app/Contents/MacOS/firefox-bin" "--marionette" "-headless" "-foreground" "-no-remote" "-profile" "/var/folders/3q/4l4g6dj5079cysl4r_zjcpn40000gn/T/rust_mozprofileyhLBYS"
*** You are running in headless mode.
console.error: SearchCache: "_readCacheFile: Error reading cache file:" (new Error("", "(unknown module)"))
1598221760935	Marionette	INFO	Listening on port 56682
1598221760943	Marionette	WARN	TLS certificate errors will be ignored for this session
1598221763249	Marionette	WARN	TimedPromise timed out after 500 ms: stacktrace:
TimedPromise/<@chrome://marionette/content/sync.js:245:13
TimedPromise@chrome://marionette/content/sync.js:230:10
interaction.flushEventLoop@chrome://marionette/content/interaction.js:416:10
webdriverClickElement@chrome://marionette/content/interaction.js:182:31
1598221953944	geckodriver	INFO	Listening on 127.0.0.1:56975
1598221955050	mozrunner::runner	INFO	Running command: "/Applications/Firefox.app/Contents/MacOS/firefox-bin" "--marionette" "-headless" "-foreground" "-no-remote" "-profile" "/var/folders/3q/4l4g6dj5079cysl4r_zjcpn40000gn/T/rust_mozprofilerdlTrq"
*** You are running in headless mode.
console.error: SearchCache: "_readCacheFile: Error reading cache file:" (new Error("", "(unknown module)"))
1598221957030	Marionette	INFO	Listening on port 56987
1598221957079	Marionette	WARN	TLS certificate errors will be ignored for this session
1598221960354	Marionette	WARN	TimedPromise timed out after 500 ms: stacktrace:
TimedPromise/<@chrome://marionette/content/sync.js:245:13
TimedPromise@chrome://marionette/content/sync.js:230:10
interaction.flushEventLoop@chrome://marionette/content/interaction.js:416:10
webdriverClickElement@chrome://marionette/content/interaction.js:182:31
1598221988269	geckodriver	INFO	Listening on 127.0.0.1:57104
1598221988275	mozrunner::runner	INFO	Running command: "/Applications/Firefox.app/Contents/MacOS/firefox-bin" "--marionette" "-headless" "-foreground" "-no-remote" "-profile" "/var/folders/3q/4l4g6dj5079cysl4r_zjcpn40000gn/T/rust_mozprofileCwFS95"
*** You are running in headless mode.
console.error: SearchCache: "_readCacheFile: Error reading cache file:" (new Error("", "(unknown module)"))
1598221989923	Marionette	INFO	Listening on port 57113
1598221990027	Marionette	WARN	TLS certificate errors will be ignored for this session
1598221992261	Marionette	WARN	TimedPromise timed out after 500 ms: stacktrace:
TimedPromise/<@chrome://marionette/content/sync.js:245:13
TimedPromise@chrome://marionette/content/sync.js:230:10
interaction.flushEventLoop@chrome://marionette/content/interaction.js:416:10
webdriverClickElement@chrome://marionette/content/interaction.js:182:31
1598222014504	geckodriver	INFO	Listening on 127.0.0.1:57211
1598222015518	mozrunner::runner	INFO	Running command: "/Applications/Firefox.app/Contents/MacOS/firefox-bin" "--marionette" "-headless" "-foreground" "-no-remote" "-profile" "/var/folders/3q/4l4g6dj5079cysl4r_zjcpn40000gn/T/rust_mozprofileQyKGZA"
*** You are running in headless mode.
console.error: SearchCache: "_readCacheFile: Error reading cache file:" (new Error("", "(unknown module)"))
1598222017264	Marionette	INFO	Listening on port 57223
1598222017357	Marionette	WARN	TLS certificate errors will be ignored for this session
1598222019813	Marionette	WARN	TimedPromise timed out after 500 ms: stacktrace:
TimedPromise/<@chrome://marionette/content/sync.js:245:13
TimedPromise@chrome://marionette/content/sync.js:230:10
interaction.flushEventLoop@chrome://marionette/content/interaction.js:416:10
webdriverClickElement@chrome://marionette/content/interaction.js:182:31
1598222033786	geckodriver	INFO	Listening on 127.0.0.1:57312
1598222033848	mozrunner::runner	INFO	Running command: "/Applications/Firefox.app/Contents/MacOS/firefox-bin" "--marionette" "-headless" "-foreground" "-no-remote" "-profile" "/var/folders/3q/4l4g6dj5079cysl4r_zjcpn40000gn/T/rust_mozprofileUUMJjB"
*** You are running in headless mode.
console.error: SearchCache: "_readCacheFile: Error reading cache file:" (new Error("", "(unknown module)"))
1598222036506	Marionette	INFO	Listening on port 57321
1598222036528	Marionette	WARN	TLS certificate errors will be ignored for this session
1598222039838	Marionette	WARN	TimedPromise timed out after 500 ms: stacktrace:
TimedPromise/<@chrome://marionette/content/sync.js:245:13
TimedPromise@chrome://marionette/content/sync.js:230:10
interaction.flushEventLoop@chrome://marionette/content/interaction.js:416:10
webdriverClickElement@chrome://marionette/content/interaction.js:182:31
1598222059073	geckodriver	INFO	Listening on 127.0.0.1:57431
1598222059082	mozrunner::runner	INFO	Running command: "/Applications/Firefox.app/Contents/MacOS/firefox-bin" "--marionette" "-headless" "-foreground" "-no-remote" "-profile" "/var/folders/3q/4l4g6dj5079cysl4r_zjcpn40000gn/T/rust_mozprofileN1fSSN"
*** You are running in headless mode.
console.error: SearchCache: "_readCacheFile: Error reading cache file:" (new Error("", "(unknown module)"))
1598222060842	Marionette	INFO	Listening on port 57440
1598222060923	Marionette	WARN	TLS certificate errors will be ignored for this session
1598222064886	Marionette	WARN	TimedPromise timed out after 500 ms: stacktrace:
TimedPromise/<@chrome://marionette/content/sync.js:245:13
TimedPromise@chrome://marionette/content/sync.js:230:10
interaction.flushEventLoop@chrome://marionette/content/interaction.js:416:10
webdriverClickElement@chrome://marionette/content/interaction.js:182:31
1598222125228	geckodriver	INFO	Listening on 127.0.0.1:57616
1598222126242	mozrunner::runner	INFO	Running command: "/Applications/Firefox.app/Contents/MacOS/firefox-bin" "--marionette" "-headless" "-foreground" "-no-remote" "-profile" "/var/folders/3q/4l4g6dj5079cysl4r_zjcpn40000gn/T/rust_mozprofileuKWSS3"
*** You are running in headless mode.
console.error: SearchCache: "_readCacheFile: Error reading cache file:" (new Error("", "(unknown module)"))
1598222128174	Marionette	INFO	Listening on port 57628
1598222128200	Marionette	WARN	TLS certificate errors will be ignored for this session
1598222131409	Marionette	WARN	TimedPromise timed out after 500 ms: stacktrace:
TimedPromise/<@chrome://marionette/content/sync.js:245:13
TimedPromise@chrome://marionette/content/sync.js:230:10
interaction.flushEventLoop@chrome://marionette/content/interaction.js:416:10
webdriverClickElement@chrome://marionette/content/interaction.js:182:31
1598222168426	geckodriver	INFO	Listening on 127.0.0.1:57774
1598222169452	mozrunner::runner	INFO	Running command: "/Applications/Firefox.app/Contents/MacOS/firefox-bin" "--marionette" "-headless" "-foreground" "-no-remote" "-profile" "/var/folders/3q/4l4g6dj5079cysl4r_zjcpn40000gn/T/rust_mozprofile2pdpNS"
*** You are running in headless mode.
console.error: SearchCache: "_readCacheFile: Error reading cache file:" (new Error("", "(unknown module)"))
1598222171593	Marionette	INFO	Listening on port 57786
1598222171633	Marionette	WARN	TLS certificate errors will be ignored for this session
1598222174411	Marionette	WARN	TimedPromise timed out after 500 ms: stacktrace:
TimedPromise/<@chrome://marionette/content/sync.js:245:13
TimedPromise@chrome://marionette/content/sync.js:230:10
interaction.flushEventLoop@chrome://marionette/content/interaction.js:416:10
webdriverClickElement@chrome://marionette/content/interaction.js:182:31
1598222183153	geckodriver	INFO	Listening on 127.0.0.1:57870
1598222184167	mozrunner::runner	INFO	Running command: "/Applications/Firefox.app/Contents/MacOS/firefox-bin" "--marionette" "-headless" "-foreground" "-no-remote" "-profile" "/var/folders/3q/4l4g6dj5079cysl4r_zjcpn40000gn/T/rust_mozprofile0ppZFm"
*** You are running in headless mode.
console.error: SearchCache: "_readCacheFile: Error reading cache file:" (new Error("", "(unknown module)"))
1598222185955	Marionette	INFO	Listening on port 57882
1598222186025	Marionette	WARN	TLS certificate errors will be ignored for this session
1598222189011	Marionette	WARN	TimedPromise timed out after 500 ms: stacktrace:
TimedPromise/<@chrome://marionette/content/sync.js:245:13
TimedPromise@chrome://marionette/content/sync.js:230:10
interaction.flushEventLoop@chrome://marionette/content/interaction.js:416:10
webdriverClickElement@chrome://marionette/content/interaction.js:182:31
1598222190286	Marionette	INFO	Stopped listening on port 57882
1598222311456	geckodriver	INFO	Listening on 127.0.0.1:58122
1598222312471	mozrunner::runner	INFO	Running command: "/Applications/Firefox.app/Contents/MacOS/firefox-bin" "--marionette" "-headless" "-foreground" "-no-remote" "-profile" "/var/folders/3q/4l4g6dj5079cysl4r_zjcpn40000gn/T/rust_mozprofileIt8ZEz"
*** You are running in headless mode.
console.error: SearchCache: "_readCacheFile: Error reading cache file:" (new Error("", "(unknown module)"))
1598222314312	Marionette	INFO	Listening on port 58134
1598222314326	Marionette	WARN	TLS certificate errors will be ignored for this session
1598222318133	Marionette	WARN	TimedPromise timed out after 500 ms: stacktrace:
TimedPromise/<@chrome://marionette/content/sync.js:245:13
TimedPromise@chrome://marionette/content/sync.js:230:10
interaction.flushEventLoop@chrome://marionette/content/interaction.js:416:10
webdriverClickElement@chrome://marionette/content/interaction.js:182:31
1598222355076	geckodriver	INFO	Listening on 127.0.0.1:58250
1598222356090	mozrunner::runner	INFO	Running command: "/Applications/Firefox.app/Contents/MacOS/firefox-bin" "--marionette" "-foreground" "-no-remote" "-profile" "/var/folders/3q/4l4g6dj5079cysl4r_zjcpn40000gn/T/rust_mozprofileaVsTGh"
console.error: SearchCache: "_readCacheFile: Error reading cache file:" (new Error("", "(unknown module)"))
1598222358555	Marionette	INFO	Listening on port 58262
1598222358578	Marionette	WARN	TLS certificate errors will be ignored for this session
1598222362339	Marionette	WARN	TimedPromise timed out after 500 ms: stacktrace:
TimedPromise/<@chrome://marionette/content/sync.js:245:13
TimedPromise@chrome://marionette/content/sync.js:230:10
interaction.flushEventLoop@chrome://marionette/content/interaction.js:416:10
webdriverClickElement@chrome://marionette/content/interaction.js:182:31
1598222366761	Marionette	INFO	Stopped listening on port 58262
1598222501225	geckodriver	INFO	Listening on 127.0.0.1:58621
1598222502236	mozrunner::runner	INFO	Running command: "/Applications/Firefox.app/Contents/MacOS/firefox-bin" "--marionette" "-foreground" "-no-remote" "-profile" "/var/folders/3q/4l4g6dj5079cysl4r_zjcpn40000gn/T/rust_mozprofilekOZF9T"
console.error: SearchCache: "_readCacheFile: Error reading cache file:" (new Error("", "(unknown module)"))
1598222504962	Marionette	INFO	Listening on port 58633
1598222505016	Marionette	WARN	TLS certificate errors will be ignored for this session
1598222507979	Marionette	WARN	TimedPromise timed out after 500 ms: stacktrace:
TimedPromise/<@chrome://marionette/content/sync.js:245:13
TimedPromise@chrome://marionette/content/sync.js:230:10
interaction.flushEventLoop@chrome://marionette/content/interaction.js:416:10
webdriverClickElement@chrome://marionette/content/interaction.js:182:31
1598222723580	geckodriver	INFO	Listening on 127.0.0.1:59039
1598222723609	mozrunner::runner	INFO	Running command: "/Applications/Firefox.app/Contents/MacOS/firefox-bin" "--marionette" "-foreground" "-no-remote" "-profile" "/var/folders/3q/4l4g6dj5079cysl4r_zjcpn40000gn/T/rust_mozprofiletpMgQD"
console.error: SearchCache: "_readCacheFile: Error reading cache file:" (new Error("", "(unknown module)"))
1598222726146	Marionette	INFO	Listening on port 59048
1598222726177	Marionette	WARN	TLS certificate errors will be ignored for this session
1598222729084	Marionette	WARN	TimedPromise timed out after 500 ms: stacktrace:
TimedPromise/<@chrome://marionette/content/sync.js:245:13
TimedPromise@chrome://marionette/content/sync.js:230:10
interaction.flushEventLoop@chrome://marionette/content/interaction.js:416:10
webdriverClickElement@chrome://marionette/content/interaction.js:182:31
1598222745266	geckodriver	INFO	Listening on 127.0.0.1:59148
1598222746284	mozrunner::runner	INFO	Running command: "/Applications/Firefox.app/Contents/MacOS/firefox-bin" "--marionette" "-foreground" "-no-remote" "-profile" "/var/folders/3q/4l4g6dj5079cysl4r_zjcpn40000gn/T/rust_mozprofilePAlHkP"
console.error: SearchCache: "_readCacheFile: Error reading cache file:" (new Error("", "(unknown module)"))
1598222748321	Marionette	INFO	Listening on port 59160
1598222748337	Marionette	WARN	TLS certificate errors will be ignored for this session
1598222752877	Marionette	WARN	TimedPromise timed out after 500 ms: stacktrace:
TimedPromise/<@chrome://marionette/content/sync.js:245:13
TimedPromise@chrome://marionette/content/sync.js:230:10
interaction.flushEventLoop@chrome://marionette/content/interaction.js:416:10
webdriverClickElement@chrome://marionette/content/interaction.js:182:31
1598227467061	geckodriver	INFO	Listening on 127.0.0.1:65315
1598227468082	mozrunner::runner	INFO	Running command: "/Applications/Firefox.app/Contents/MacOS/firefox-bin" "--marionette" "-foreground" "-no-remote" "-profile" "/var/folders/3q/4l4g6dj5079cysl4r_zjcpn40000gn/T/rust_mozprofilebjSMk4"
console.error: SearchCache: "_readCacheFile: Error reading cache file:" (new Error("", "(unknown module)"))
1598227471037	Marionette	INFO	Listening on port 65330
1598227471051	Marionette	WARN	TLS certificate errors will be ignored for this session
1598227474086	Marionette	WARN	TimedPromise timed out after 500 ms: stacktrace:
TimedPromise/<@chrome://marionette/content/sync.js:245:13
TimedPromise@chrome://marionette/content/sync.js:230:10
interaction.flushEventLoop@chrome://marionette/content/interaction.js:416:10
webdriverClickElement@chrome://marionette/content/interaction.js:182:31
1598227495889	geckodriver	INFO	Listening on 127.0.0.1:65455
1598227496903	mozrunner::runner	INFO	Running command: "/Applications/Firefox.app/Contents/MacOS/firefox-bin" "--marionette" "-foreground" "-no-remote" "-profile" "/var/folders/3q/4l4g6dj5079cysl4r_zjcpn40000gn/T/rust_mozprofile2oNNGX"
console.error: SearchCache: "_readCacheFile: Error reading cache file:" (new Error("", "(unknown module)"))
1598227499161	Marionette	INFO	Listening on port 65467
1598227499261	Marionette	WARN	TLS certificate errors will be ignored for this session
1598227501907	Marionette	WARN	TimedPromise timed out after 500 ms: stacktrace:
TimedPromise/<@chrome://marionette/content/sync.js:245:13
TimedPromise@chrome://marionette/content/sync.js:230:10
interaction.flushEventLoop@chrome://marionette/content/interaction.js:416:10
webdriverClickElement@chrome://marionette/content/interaction.js:182:31
1598227523936	Marionette	INFO	Stopped listening on port 65467
1598227541187	geckodriver	INFO	Listening on 127.0.0.1:49211
1598227542214	mozrunner::runner	INFO	Running command: "/Applications/Firefox.app/Contents/MacOS/firefox-bin" "--marionette" "-foreground" "-no-remote" "-profile" "/var/folders/3q/4l4g6dj5079cysl4r_zjcpn40000gn/T/rust_mozprofileK8jbz8"
console.error: SearchCache: "_readCacheFile: Error reading cache file:" (new Error("", "(unknown module)"))
1598227544433	Marionette	INFO	Listening on port 49223
1598227544474	Marionette	WARN	TLS certificate errors will be ignored for this session
1598227547999	Marionette	WARN	TimedPromise timed out after 500 ms: stacktrace:
TimedPromise/<@chrome://marionette/content/sync.js:245:13
TimedPromise@chrome://marionette/content/sync.js:230:10
interaction.flushEventLoop@chrome://marionette/content/interaction.js:416:10
webdriverClickElement@chrome://marionette/content/interaction.js:182:31
1598227581954	geckodriver	INFO	Listening on 127.0.0.1:49353
1598227582970	mozrunner::runner	INFO	Running command: "/Applications/Firefox.app/Contents/MacOS/firefox-bin" "--marionette" "-foreground" "-no-remote" "-profile" "/var/folders/3q/4l4g6dj5079cysl4r_zjcpn40000gn/T/rust_mozprofile1SqnXY"
console.error: SearchCache: "_readCacheFile: Error reading cache file:" (new Error("", "(unknown module)"))
1598227585069	Marionette	INFO	Listening on port 49365
1598227585127	Marionette	WARN	TLS certificate errors will be ignored for this session
1598227590538	Marionette	WARN	TimedPromise timed out after 500 ms: stacktrace:
TimedPromise/<@chrome://marionette/content/sync.js:245:13
TimedPromise@chrome://marionette/content/sync.js:230:10
interaction.flushEventLoop@chrome://marionette/content/interaction.js:416:10
webdriverClickElement@chrome://marionette/content/interaction.js:182:31
1598227640873	geckodriver	INFO	Listening on 127.0.0.1:49501
1598227640881	mozrunner::runner	INFO	Running command: "/Applications/Firefox.app/Contents/MacOS/firefox-bin" "--marionette" "-foreground" "-no-remote" "-profile" "/var/folders/3q/4l4g6dj5079cysl4r_zjcpn40000gn/T/rust_mozprofileYFurDq"
console.error: SearchCache: "_readCacheFile: Error reading cache file:" (new Error("", "(unknown module)"))
1598227643114	Marionette	INFO	Listening on port 49510
1598227643127	Marionette	WARN	TLS certificate errors will be ignored for this session
1598227646506	Marionette	WARN	TimedPromise timed out after 500 ms: stacktrace:
TimedPromise/<@chrome://marionette/content/sync.js:245:13
TimedPromise@chrome://marionette/content/sync.js:230:10
interaction.flushEventLoop@chrome://marionette/content/interaction.js:416:10
webdriverClickElement@chrome://marionette/content/interaction.js:182:31
1598227661492	geckodriver	INFO	Listening on 127.0.0.1:49603
1598227662503	mozrunner::runner	INFO	Running command: "/Applications/Firefox.app/Contents/MacOS/firefox-bin" "--marionette" "-foreground" "-no-remote" "-profile" "/var/folders/3q/4l4g6dj5079cysl4r_zjcpn40000gn/T/rust_mozprofileF6Spwk"
console.error: SearchCache: "_readCacheFile: Error reading cache file:" (new Error("", "(unknown module)"))
1598227665014	Marionette	INFO	Listening on port 49615
1598227665077	Marionette	WARN	TLS certificate errors will be ignored for this session
1598227668078	Marionette	WARN	TimedPromise timed out after 500 ms: stacktrace:
TimedPromise/<@chrome://marionette/content/sync.js:245:13
TimedPromise@chrome://marionette/content/sync.js:230:10
interaction.flushEventLoop@chrome://marionette/content/interaction.js:416:10
webdriverClickElement@chrome://marionette/content/interaction.js:182:31
1598227691629	Marionette	INFO	Stopped listening on port 58633
Exiting due to channel error.
Exiting due to channel error.
Exiting due to channel error.
Exiting due to channel error.
[GFX1-]: Receive IPC close with reason=AbnormalShutdown
Exiting due to channel error.
Exiting due to channel error.
Exiting due to channel error.
Exiting due to channel error.
Exiting due to channel error.
Exiting due to channel error.
Exiting due to channel error.
Exiting due to channel error.
Exiting due to channel error.
Exiting due to channel error.
Exiting due to channel error.
